TN:
SF:src\components\SearchForm\SearchForm.js
FN:8,SearchForm
FN:12,(anonymous_1)
FNF:2
FNH:1
FNDA:1,SearchForm
FNDA:0,(anonymous_1)
DA:9,1
DA:10,1
DA:12,1
DA:13,0
DA:14,0
DA:15,0
DA:16,0
DA:19,1
LF:8
LH:4
BRF:0
BRH:0
end_of_record
TN:
SF:src\models\Genres.DataModel.js
FNF:0
FNH:0
DA:1,1
LF:1
LH:1
BRF:0
BRH:0
end_of_record
TN:
SF:src\redux\store.js
FNF:0
FNH:0
DA:6,1
LF:1
LH:1
BRF:0
BRH:0
end_of_record
TN:
SF:src\redux\actions\Movie.actions.js
FN:5,(anonymous_0)
FN:5,(anonymous_1)
FN:14,(anonymous_2)
FN:14,(anonymous_3)
FN:20,(anonymous_4)
FN:20,(anonymous_5)
FN:32,(anonymous_6)
FN:32,(anonymous_7)
FNF:8
FNH:0
FNDA:0,(anonymous_0)
FNDA:0,(anonymous_1)
FNDA:0,(anonymous_2)
FNDA:0,(anonymous_3)
FNDA:0,(anonymous_4)
FNDA:0,(anonymous_5)
FNDA:0,(anonymous_6)
FNDA:0,(anonymous_7)
DA:3,1
DA:5,1
DA:6,0
DA:8,0
DA:9,0
DA:10,0
DA:11,0
DA:14,1
DA:15,0
DA:16,0
DA:17,0
DA:20,1
DA:21,0
DA:28,0
DA:29,0
DA:32,1
DA:33,0
DA:36,0
DA:37,0
LF:19
LH:5
BRDA:8,0,0,0
BRDA:8,0,1,0
BRDA:8,1,0,0
BRDA:8,1,1,0
BRDA:22,2,0,0
BRDA:22,2,1,0
BRDA:28,3,0,0
BRDA:28,3,1,0
BRF:8
BRH:0
end_of_record
TN:
SF:src\redux\reducer\Root.reducer.js
FN:1,(anonymous_0)
FN:24,(anonymous_1)
FN:33,(anonymous_2)
FNF:3
FNH:2
FNDA:4,(anonymous_0)
FNDA:0,(anonymous_1)
FNDA:4,(anonymous_2)
DA:1,2
DA:13,4
DA:15,1
DA:20,1
DA:22,0
DA:25,0
DA:26,0
DA:27,0
DA:31,1
DA:33,4
DA:38,2
LF:11
LH:7
BRDA:2,0,0,3
BRDA:11,1,0,1
BRDA:13,2,0,1
BRDA:13,2,1,1
BRDA:13,2,2,2
BRDA:20,3,0,0
BRDA:20,3,1,1
BRF:7
BRH:6
end_of_record
