TN:
SF:src\components\Button\Button.js
FN:3,Button
FNF:1
FNH:1
FNDA:2,Button
DA:11,2
DA:13,2
LF:2
LH:2
BRF:0
BRH:0
end_of_record
TN:
SF:src\components\Form\Form.js
FN:6,Form
FN:13,switchForm
FN:21,(anonymous_2)
FN:51,(anonymous_3)
FNF:4
FNH:3
FNDA:7,Form
FNDA:7,switchForm
FNDA:6,(anonymous_2)
FNDA:0,(anonymous_3)
DA:7,7
DA:19,7
DA:21,7
DA:22,6
DA:25,7
DA:33,7
DA:35,0
DA:41,1
DA:47,0
DA:52,0
DA:53,0
DA:54,0
DA:57,0
DA:69,5
LF:14
LH:8
BRDA:16,0,0,7
BRDA:33,1,0,0
BRDA:33,1,1,1
BRDA:33,1,2,0
BRDA:33,1,3,1
BRDA:33,1,4,2
BRDA:33,1,5,3
BRDA:33,1,6,4
BRDA:33,1,7,5
BRDA:43,2,0,0
BRDA:43,2,1,1
BRDA:43,3,0,1
BRDA:43,3,1,1
BRDA:53,4,0,0
BRDA:53,4,1,0
BRF:15
BRH:10
end_of_record
TN:
SF:src\components\Heading\Heading.js
FN:4,Heading
FN:8,(anonymous_1)
FNF:2
FNH:1
FNDA:1,Heading
FNDA:0,(anonymous_1)
DA:5,1
DA:6,1
DA:8,0
LF:3
LH:2
BRF:0
BRH:0
end_of_record
TN:
SF:src\components\Modals\AdditionModal.js
FN:9,AdditionModal
FN:11,(anonymous_1)
FN:17,(anonymous_2)
FN:24,(anonymous_3)
FN:35,(anonymous_4)
FNF:5
FNH:2
FNDA:1,AdditionModal
FNDA:2,(anonymous_1)
FNDA:0,(anonymous_2)
FNDA:0,(anonymous_3)
FNDA:0,(anonymous_4)
DA:10,1
DA:11,2
DA:13,1
DA:15,1
DA:18,0
DA:19,0
DA:23,1
DA:24,0
DA:35,0
LF:9
LH:5
BRDA:11,0,0,0
BRF:1
BRH:0
end_of_record
TN:
SF:src\components\Modals\ModalBase.js
FN:7,ModalBase
FN:9,(anonymous_1)
FN:11,(anonymous_2)
FN:15,(anonymous_3)
FN:21,handleKeyUp
FN:23,(anonymous_5)
FN:33,handleOutsideClick
FNF:7
FNH:1
FNDA:1,ModalBase
FNDA:0,(anonymous_1)
FNDA:0,(anonymous_2)
FNDA:0,(anonymous_3)
FNDA:0,handleKeyUp
FNDA:0,(anonymous_5)
FNDA:0,handleOutsideClick
DA:8,1
DA:9,1
DA:11,1
DA:12,0
DA:13,0
DA:15,0
DA:16,0
DA:17,0
DA:22,0
DA:24,0
DA:25,0
DA:26,0
DA:30,0
DA:34,0
DA:35,0
DA:36,0
DA:40,1
LF:17
LH:4
BRDA:7,0,0,0
BRDA:30,1,0,0
BRDA:30,1,1,0
BRDA:34,2,0,0
BRDA:34,2,1,0
BRF:5
BRH:0
end_of_record
TN:
SF:src\components\SearchForm\SearchForm.js
FN:8,SearchForm
FN:12,(anonymous_1)
FNF:2
FNH:1
FNDA:1,SearchForm
FNDA:0,(anonymous_1)
DA:9,1
DA:10,1
DA:12,1
DA:13,0
DA:14,0
DA:15,0
DA:16,0
DA:19,1
LF:8
LH:4
BRF:0
BRH:0
end_of_record
TN:
SF:src\models\Genres.DataModel.js
FNF:0
FNH:0
DA:1,2
LF:1
LH:1
BRF:0
BRH:0
end_of_record
TN:
SF:src\redux\store.js
FNF:0
FNH:0
DA:6,2
LF:1
LH:1
BRF:0
BRH:0
end_of_record
TN:
SF:src\redux\actions\Movie.actions.js
FN:5,(anonymous_0)
FN:5,(anonymous_1)
FN:13,(anonymous_2)
FN:13,(anonymous_3)
FN:19,(anonymous_4)
FN:19,(anonymous_5)
FN:31,(anonymous_6)
FN:31,(anonymous_7)
FNF:8
FNH:0
FNDA:0,(anonymous_0)
FNDA:0,(anonymous_1)
FNDA:0,(anonymous_2)
FNDA:0,(anonymous_3)
FNDA:0,(anonymous_4)
FNDA:0,(anonymous_5)
FNDA:0,(anonymous_6)
FNDA:0,(anonymous_7)
DA:3,2
DA:5,2
DA:7,0
DA:8,0
DA:9,0
DA:10,0
DA:13,2
DA:14,0
DA:15,0
DA:16,0
DA:19,2
DA:20,0
DA:27,0
DA:28,0
DA:31,2
DA:32,0
DA:35,0
LF:17
LH:5
BRDA:7,0,0,0
BRDA:7,0,1,0
BRDA:7,1,0,0
BRDA:7,1,1,0
BRDA:21,2,0,0
BRDA:21,2,1,0
BRDA:27,3,0,0
BRDA:27,3,1,0
BRF:8
BRH:0
end_of_record
TN:
SF:src\redux\reducer\Root.reducer.js
FN:1,(anonymous_0)
FN:24,(anonymous_1)
FN:33,(anonymous_2)
FNF:3
FNH:2
FNDA:5,(anonymous_0)
FNDA:0,(anonymous_1)
FNDA:4,(anonymous_2)
DA:1,3
DA:13,5
DA:15,1
DA:20,1
DA:22,0
DA:25,0
DA:26,0
DA:27,0
DA:31,1
DA:33,4
DA:38,3
LF:11
LH:7
BRDA:2,0,0,4
BRDA:11,1,0,1
BRDA:13,2,0,1
BRDA:13,2,1,1
BRDA:13,2,2,3
BRDA:20,3,0,0
BRDA:20,3,1,1
BRF:7
BRH:6
end_of_record
